<?xml version="1.0" encoding="UTF-8"?>
<testng-results ignored="0" total="2" passed="2" failed="0" skipped="0">
  <reporter-output>
    <line>
      <![CDATA[Chrome Browser is launched]]>
    </line>
  </reporter-output>
  <suite started-at="2020-07-04T01:01:03 IST" name="Suite" finished-at="2020-07-04T01:01:20 IST" duration-ms="16669">
    <groups>
    </groups>
    <test started-at="2020-07-04T01:01:03 IST" name="ChromeTest" finished-at="2020-07-04T01:01:20 IST" duration-ms="16669">
      <class name="com.testCases.DashBoardPageTest">
        <test-method is-config="true" signature="setup(java.lang.String, java.lang.String)[pri:0, instance:com.testCases.DashBoardPageTest@419c5f1a]" started-at="2020-07-04T01:01:03 IST" name="setup" finished-at="2020-07-04T01:01:13 IST" duration-ms="9861" status="PASS">
          <params>
            <param index="0">
              <value>
                <![CDATA[Chrome]]>
              </value>
            </param>
            <param index="1">
              <value>
                <![CDATA[http://www.demo.guru99.com/V4/]]>
              </value>
            </param>
          </params>
          <reporter-output>
            <line>
              <![CDATA[Chrome Browser is launched]]>
            </line>
          </reporter-output>
        </test-method> <!-- setup -->
        <test-method is-config="true" signature="setUp()[pri:0, instance:com.testCases.DashBoardPageTest@419c5f1a]" started-at="2020-07-04T01:01:13 IST" name="setUp" finished-at="2020-07-04T01:01:13 IST" duration-ms="0" status="PASS">
          <reporter-output>
          </reporter-output>
        </test-method> <!-- setUp -->
        <test-method signature="verifyLogin()[pri:0, instance:com.testCases.DashBoardPageTest@419c5f1a]" started-at="2020-07-04T01:01:13 IST" name="verifyLogin" finished-at="2020-07-04T01:01:16 IST" duration-ms="2804" status="PASS">
          <reporter-output>
          </reporter-output>
        </test-method> <!-- verifyLogin -->
        <test-method signature="verifyLogout()[pri:0, instance:com.testCases.DashBoardPageTest@419c5f1a]" started-at="2020-07-04T01:01:16 IST" name="verifyLogout" finished-at="2020-07-04T01:01:18 IST" duration-ms="2232" status="PASS">
          <reporter-output>
          </reporter-output>
        </test-method> <!-- verifyLogout -->
        <test-method is-config="true" signature="tearDown()[pri:0, instance:com.testCases.DashBoardPageTest@419c5f1a]" started-at="2020-07-04T01:01:18 IST" name="tearDown" finished-at="2020-07-04T01:01:20 IST" duration-ms="1704" status="PASS">
          <reporter-output>
          </reporter-output>
        </test-method> <!-- tearDown -->
      </class> <!-- com.testCases.DashBoardPageTest -->
    </test> <!-- ChromeTest -->
  </suite> <!-- Suite -->
</testng-results>
